2024-03-13 13:54:03,571 [Worker-2: Loading available Gradle versions] INFO  o.e.b.c.i.u.g.PublishedGradleVersions - Gradle version information cache is out-of-date. Trying to update.
2024-03-13 13:57:49,256 [Worker-14: Launching mavenrun-294e4bda-5563-4b44-abcf-65ff57010167] INFO  o.eclipse.m2e.core.internal.Bundles - getClasspathEntries(Bundle=org.eclipse.m2e.maven.runtime_3.8.604.20221130-2149 [603])
2024-03-13 13:57:49,275 [Worker-14: Launching mavenrun-294e4bda-5563-4b44-abcf-65ff57010167] INFO  o.eclipse.m2e.core.internal.Bundles - 	Entry: C:\Users\hp\.p2\pool\plugins\org.eclipse.m2e.maven.runtime_3.8.604.20221130-2149
2024-03-13 13:57:49,277 [Worker-14: Launching mavenrun-294e4bda-5563-4b44-abcf-65ff57010167] INFO  o.eclipse.m2e.core.internal.Bundles - 	Entry: C:\Users\hp\.p2\pool\plugins\org.eclipse.m2e.maven.runtime_3.8.604.20221130-2149\jars\aether-connector-okhttp-0.17.8.jar
2024-03-13 13:57:49,278 [Worker-14: Launching mavenrun-294e4bda-5563-4b44-abcf-65ff57010167] INFO  o.eclipse.m2e.core.internal.Bundles - 	Entry: C:\Users\hp\.p2\pool\plugins\org.eclipse.m2e.maven.runtime_3.8.604.20221130-2149\jars\commons-cli-1.4.jar
2024-03-13 13:57:49,278 [Worker-14: Launching mavenrun-294e4bda-5563-4b44-abcf-65ff57010167] INFO  o.eclipse.m2e.core.internal.Bundles - 	Entry: C:\Users\hp\.p2\pool\plugins\org.eclipse.m2e.maven.runtime_3.8.604.20221130-2149\jars\commons-io-2.6.jar
2024-03-13 13:57:49,278 [Worker-14: Launching mavenrun-294e4bda-5563-4b44-abcf-65ff57010167] INFO  o.eclipse.m2e.core.internal.Bundles - 	Entry: C:\Users\hp\.p2\pool\plugins\org.eclipse.m2e.maven.runtime_3.8.604.20221130-2149\jars\commons-lang3-3.8.1.jar
2024-03-13 13:57:49,279 [Worker-14: Launching mavenrun-294e4bda-5563-4b44-abcf-65ff57010167] INFO  o.eclipse.m2e.core.internal.Bundles - 	Entry: C:\Users\hp\.p2\pool\plugins\org.eclipse.m2e.maven.runtime_3.8.604.20221130-2149\jars\guice-4.2.2-no_aop.jar
2024-03-13 13:57:49,279 [Worker-14: Launching mavenrun-294e4bda-5563-4b44-abcf-65ff57010167] INFO  o.eclipse.m2e.core.internal.Bundles - 	Entry: C:\Users\hp\.p2\pool\plugins\org.eclipse.m2e.maven.runtime_3.8.604.20221130-2149\jars\jansi-2.4.0.jar
2024-03-13 13:57:49,279 [Worker-14: Launching mavenrun-294e4bda-5563-4b44-abcf-65ff57010167] INFO  o.eclipse.m2e.core.internal.Bundles - 	Entry: C:\Users\hp\.p2\pool\plugins\org.eclipse.m2e.maven.runtime_3.8.604.20221130-2149\jars\maven-artifact-3.8.6.jar
2024-03-13 13:57:49,279 [Worker-14: Launching mavenrun-294e4bda-5563-4b44-abcf-65ff57010167] INFO  o.eclipse.m2e.core.internal.Bundles - 	Entry: C:\Users\hp\.p2\pool\plugins\org.eclipse.m2e.maven.runtime_3.8.604.20221130-2149\jars\maven-builder-support-3.8.6.jar
2024-03-13 13:57:49,280 [Worker-14: Launching mavenrun-294e4bda-5563-4b44-abcf-65ff57010167] INFO  o.eclipse.m2e.core.internal.Bundles - 	Entry: C:\Users\hp\.p2\pool\plugins\org.eclipse.m2e.maven.runtime_3.8.604.20221130-2149\jars\maven-compat-3.8.6.jar
2024-03-13 13:57:49,280 [Worker-14: Launching mavenrun-294e4bda-5563-4b44-abcf-65ff57010167] INFO  o.eclipse.m2e.core.internal.Bundles - 	Entry: C:\Users\hp\.p2\pool\plugins\org.eclipse.m2e.maven.runtime_3.8.604.20221130-2149\jars\maven-core-3.8.6.jar
2024-03-13 13:57:49,280 [Worker-14: Launching mavenrun-294e4bda-5563-4b44-abcf-65ff57010167] INFO  o.eclipse.m2e.core.internal.Bundles - 	Entry: C:\Users\hp\.p2\pool\plugins\org.eclipse.m2e.maven.runtime_3.8.604.20221130-2149\jars\maven-embedder-3.8.6.jar
2024-03-13 13:57:49,280 [Worker-14: Launching mavenrun-294e4bda-5563-4b44-abcf-65ff57010167] INFO  o.eclipse.m2e.core.internal.Bundles - 	Entry: C:\Users\hp\.p2\pool\plugins\org.eclipse.m2e.maven.runtime_3.8.604.20221130-2149\jars\maven-model-3.8.6.jar
2024-03-13 13:57:49,281 [Worker-14: Launching mavenrun-294e4bda-5563-4b44-abcf-65ff57010167] INFO  o.eclipse.m2e.core.internal.Bundles - 	Entry: C:\Users\hp\.p2\pool\plugins\org.eclipse.m2e.maven.runtime_3.8.604.20221130-2149\jars\maven-model-builder-3.8.6.jar
2024-03-13 13:57:49,281 [Worker-14: Launching mavenrun-294e4bda-5563-4b44-abcf-65ff57010167] INFO  o.eclipse.m2e.core.internal.Bundles - 	Entry: C:\Users\hp\.p2\pool\plugins\org.eclipse.m2e.maven.runtime_3.8.604.20221130-2149\jars\maven-plugin-api-3.8.6.jar
2024-03-13 13:57:49,281 [Worker-14: Launching mavenrun-294e4bda-5563-4b44-abcf-65ff57010167] INFO  o.eclipse.m2e.core.internal.Bundles - 	Entry: C:\Users\hp\.p2\pool\plugins\org.eclipse.m2e.maven.runtime_3.8.604.20221130-2149\jars\maven-repository-metadata-3.8.6.jar
2024-03-13 13:57:49,282 [Worker-14: Launching mavenrun-294e4bda-5563-4b44-abcf-65ff57010167] INFO  o.eclipse.m2e.core.internal.Bundles - 	Entry: C:\Users\hp\.p2\pool\plugins\org.eclipse.m2e.maven.runtime_3.8.604.20221130-2149\jars\maven-resolver-api-1.6.3.jar
2024-03-13 13:57:49,283 [Worker-14: Launching mavenrun-294e4bda-5563-4b44-abcf-65ff57010167] INFO  o.eclipse.m2e.core.internal.Bundles - 	Entry: C:\Users\hp\.p2\pool\plugins\org.eclipse.m2e.maven.runtime_3.8.604.20221130-2149\jars\maven-resolver-connector-basic-1.6.3.jar
2024-03-13 13:57:49,283 [Worker-14: Launching mavenrun-294e4bda-5563-4b44-abcf-65ff57010167] INFO  o.eclipse.m2e.core.internal.Bundles - 	Entry: C:\Users\hp\.p2\pool\plugins\org.eclipse.m2e.maven.runtime_3.8.604.20221130-2149\jars\maven-resolver-impl-1.6.3.jar
2024-03-13 13:57:49,283 [Worker-14: Launching mavenrun-294e4bda-5563-4b44-abcf-65ff57010167] INFO  o.eclipse.m2e.core.internal.Bundles - 	Entry: C:\Users\hp\.p2\pool\plugins\org.eclipse.m2e.maven.runtime_3.8.604.20221130-2149\jars\maven-resolver-provider-3.8.6.jar
2024-03-13 13:57:49,284 [Worker-14: Launching mavenrun-294e4bda-5563-4b44-abcf-65ff57010167] INFO  o.eclipse.m2e.core.internal.Bundles - 	Entry: C:\Users\hp\.p2\pool\plugins\org.eclipse.m2e.maven.runtime_3.8.604.20221130-2149\jars\maven-resolver-spi-1.6.3.jar
2024-03-13 13:57:49,284 [Worker-14: Launching mavenrun-294e4bda-5563-4b44-abcf-65ff57010167] INFO  o.eclipse.m2e.core.internal.Bundles - 	Entry: C:\Users\hp\.p2\pool\plugins\org.eclipse.m2e.maven.runtime_3.8.604.20221130-2149\jars\maven-resolver-transport-wagon-1.6.3.jar
2024-03-13 13:57:49,284 [Worker-14: Launching mavenrun-294e4bda-5563-4b44-abcf-65ff57010167] INFO  o.eclipse.m2e.core.internal.Bundles - 	Entry: C:\Users\hp\.p2\pool\plugins\org.eclipse.m2e.maven.runtime_3.8.604.20221130-2149\jars\maven-resolver-util-1.6.3.jar
2024-03-13 13:57:49,285 [Worker-14: Launching mavenrun-294e4bda-5563-4b44-abcf-65ff57010167] INFO  o.eclipse.m2e.core.internal.Bundles - 	Entry: C:\Users\hp\.p2\pool\plugins\org.eclipse.m2e.maven.runtime_3.8.604.20221130-2149\jars\maven-settings-3.8.6.jar
2024-03-13 13:57:49,286 [Worker-14: Launching mavenrun-294e4bda-5563-4b44-abcf-65ff57010167] INFO  o.eclipse.m2e.core.internal.Bundles - 	Entry: C:\Users\hp\.p2\pool\plugins\org.eclipse.m2e.maven.runtime_3.8.604.20221130-2149\jars\maven-settings-builder-3.8.6.jar
2024-03-13 13:57:49,286 [Worker-14: Launching mavenrun-294e4bda-5563-4b44-abcf-65ff57010167] INFO  o.eclipse.m2e.core.internal.Bundles - 	Entry: C:\Users\hp\.p2\pool\plugins\org.eclipse.m2e.maven.runtime_3.8.604.20221130-2149\jars\maven-shared-utils-3.3.4.jar
2024-03-13 13:57:49,286 [Worker-14: Launching mavenrun-294e4bda-5563-4b44-abcf-65ff57010167] INFO  o.eclipse.m2e.core.internal.Bundles - 	Entry: C:\Users\hp\.p2\pool\plugins\org.eclipse.m2e.maven.runtime_3.8.604.20221130-2149\jars\okhttp-3.14.1.jar
2024-03-13 13:57:49,286 [Worker-14: Launching mavenrun-294e4bda-5563-4b44-abcf-65ff57010167] INFO  o.eclipse.m2e.core.internal.Bundles - 	Entry: C:\Users\hp\.p2\pool\plugins\org.eclipse.m2e.maven.runtime_3.8.604.20221130-2149\jars\okio-1.17.3.jar
2024-03-13 13:57:49,287 [Worker-14: Launching mavenrun-294e4bda-5563-4b44-abcf-65ff57010167] INFO  o.eclipse.m2e.core.internal.Bundles - 	Entry: C:\Users\hp\.p2\pool\plugins\org.eclipse.m2e.maven.runtime_3.8.604.20221130-2149\jars\org.eclipse.sisu.inject-0.3.5.jar
2024-03-13 13:57:49,287 [Worker-14: Launching mavenrun-294e4bda-5563-4b44-abcf-65ff57010167] INFO  o.eclipse.m2e.core.internal.Bundles - 	Entry: C:\Users\hp\.p2\pool\plugins\org.eclipse.m2e.maven.runtime_3.8.604.20221130-2149\jars\org.eclipse.sisu.plexus-0.3.5.jar
2024-03-13 13:57:49,287 [Worker-14: Launching mavenrun-294e4bda-5563-4b44-abcf-65ff57010167] INFO  o.eclipse.m2e.core.internal.Bundles - 	Entry: C:\Users\hp\.p2\pool\plugins\org.eclipse.m2e.maven.runtime_3.8.604.20221130-2149\jars\plexus-build-api-0.0.7.jar
2024-03-13 13:57:49,288 [Worker-14: Launching mavenrun-294e4bda-5563-4b44-abcf-65ff57010167] INFO  o.eclipse.m2e.core.internal.Bundles - 	Entry: C:\Users\hp\.p2\pool\plugins\org.eclipse.m2e.maven.runtime_3.8.604.20221130-2149\jars\plexus-cipher-2.0.jar
2024-03-13 13:57:49,288 [Worker-14: Launching mavenrun-294e4bda-5563-4b44-abcf-65ff57010167] INFO  o.eclipse.m2e.core.internal.Bundles - 	Entry: C:\Users\hp\.p2\pool\plugins\org.eclipse.m2e.maven.runtime_3.8.604.20221130-2149\jars\plexus-classworlds-2.6.0.jar
2024-03-13 13:57:49,289 [Worker-14: Launching mavenrun-294e4bda-5563-4b44-abcf-65ff57010167] INFO  o.eclipse.m2e.core.internal.Bundles - 	Entry: C:\Users\hp\.p2\pool\plugins\org.eclipse.m2e.maven.runtime_3.8.604.20221130-2149\jars\plexus-component-annotations-2.1.0.jar
2024-03-13 13:57:49,291 [Worker-14: Launching mavenrun-294e4bda-5563-4b44-abcf-65ff57010167] INFO  o.eclipse.m2e.core.internal.Bundles - 	Entry: C:\Users\hp\.p2\pool\plugins\org.eclipse.m2e.maven.runtime_3.8.604.20221130-2149\jars\plexus-interpolation-1.26.jar
2024-03-13 13:57:49,291 [Worker-14: Launching mavenrun-294e4bda-5563-4b44-abcf-65ff57010167] INFO  o.eclipse.m2e.core.internal.Bundles - 	Entry: C:\Users\hp\.p2\pool\plugins\org.eclipse.m2e.maven.runtime_3.8.604.20221130-2149\jars\plexus-sec-dispatcher-2.0.jar
2024-03-13 13:57:49,291 [Worker-14: Launching mavenrun-294e4bda-5563-4b44-abcf-65ff57010167] INFO  o.eclipse.m2e.core.internal.Bundles - 	Entry: C:\Users\hp\.p2\pool\plugins\org.eclipse.m2e.maven.runtime_3.8.604.20221130-2149\jars\plexus-utils-3.3.1.jar
2024-03-13 13:57:49,291 [Worker-14: Launching mavenrun-294e4bda-5563-4b44-abcf-65ff57010167] INFO  o.eclipse.m2e.core.internal.Bundles - 	Entry: C:\Users\hp\.p2\pool\plugins\org.eclipse.m2e.maven.runtime_3.8.604.20221130-2149\jars\wagon-file-3.5.1.jar
2024-03-13 13:57:49,292 [Worker-14: Launching mavenrun-294e4bda-5563-4b44-abcf-65ff57010167] INFO  o.eclipse.m2e.core.internal.Bundles - 	Entry: C:\Users\hp\.p2\pool\plugins\org.eclipse.m2e.maven.runtime_3.8.604.20221130-2149\jars\wagon-provider-api-3.5.1.jar
2024-03-13 13:57:49,295 [Worker-14: Launching mavenrun-294e4bda-5563-4b44-abcf-65ff57010167] INFO  o.eclipse.m2e.core.internal.Bundles - getClasspathEntries(Bundle=com.google.guava_30.1.0.v20221112-0806 [10])
2024-03-13 13:57:49,340 [Worker-14: Launching mavenrun-294e4bda-5563-4b44-abcf-65ff57010167] INFO  o.eclipse.m2e.core.internal.Bundles - 	Entry: C:\Users\hp\.p2\pool\plugins\com.google.guava_30.1.0.v20221112-0806.jar
2024-03-13 13:57:49,340 [Worker-14: Launching mavenrun-294e4bda-5563-4b44-abcf-65ff57010167] INFO  o.eclipse.m2e.core.internal.Bundles - getClasspathEntries(Bundle=slf4j.api_1.7.36 [915])
2024-03-13 13:57:49,342 [Worker-14: Launching mavenrun-294e4bda-5563-4b44-abcf-65ff57010167] INFO  o.eclipse.m2e.core.internal.Bundles - 	Entry: C:\Users\hp\.p2\pool\plugins\slf4j.api_1.7.36.jar
2024-03-13 13:57:49,342 [Worker-14: Launching mavenrun-294e4bda-5563-4b44-abcf-65ff57010167] INFO  o.eclipse.m2e.core.internal.Bundles - getClasspathEntries(Bundle=javax.inject_1.0.0.v20220405-0441 [32])
2024-03-13 13:57:49,352 [Worker-14: Launching mavenrun-294e4bda-5563-4b44-abcf-65ff57010167] INFO  o.eclipse.m2e.core.internal.Bundles - 	Entry: C:\Users\hp\.p2\pool\plugins\javax.inject_1.0.0.v20220405-0441.jar
2024-03-13 13:57:49,352 [Worker-14: Launching mavenrun-294e4bda-5563-4b44-abcf-65ff57010167] INFO  o.eclipse.m2e.core.internal.Bundles - getClasspathEntries(Bundle=javax.annotation_1.3.5.v20221112-0806 [30])
2024-03-13 13:57:49,354 [Worker-14: Launching mavenrun-294e4bda-5563-4b44-abcf-65ff57010167] INFO  o.eclipse.m2e.core.internal.Bundles - 	Entry: C:\Users\hp\.p2\pool\plugins\javax.annotation_1.3.5.v20221112-0806.jar
2024-03-13 13:57:49,363 [Worker-14: Launching mavenrun-294e4bda-5563-4b44-abcf-65ff57010167] INFO  o.e.m.i.launch.MavenLaunchDelegate - Run build in "C:\Users\hp\AppData\Local\Temp\m2e-archetypeGenerator8937846214733881800":
2024-03-13 13:57:49,375 [Worker-14: Launching mavenrun-294e4bda-5563-4b44-abcf-65ff57010167] INFO  o.e.m.i.launch.MavenLaunchDelegate -  mvn  -DarchetypeGroupId=org.apache.maven.archetypes -DarchetypeArtifactId=maven-archetype-quickstart -DarchetypeVersion=1.4 -DgroupId=HB -DartifactId=HB -Dversion=0.0.1-SNAPSHOT -Dpackage=HB.HB -DoutputDirectory="E:\eclipse programs\Hibernate GIT" -B -Dstyle.color=always -U archetype:generate
2024-03-13 13:58:12,091 [Worker-0: Creating maven-archetype-quickstart] INFO  o.e.m.c.i.p.ProjectConfigurationManager - Collecting project info '/pom.xml' E:\eclipse programs\Hibernate GIT\HB\pom.xml
2024-03-13 13:58:17,567 [Worker-0: Creating maven-archetype-quickstart] INFO  o.e.m.c.i.l.LifecycleMappingFactory - Using org.eclipse.m2e.jdt.JarLifecycleMapping lifecycle mapping for MavenProject: HB:HB:0.0.1-SNAPSHOT @ E:\eclipse programs\Hibernate GIT\HB\pom.xml.
2024-03-13 13:58:19,859 [Worker-0: Creating maven-archetype-quickstart] INFO  o.e.m.j.i.AbstractJavaProjectConfigurator - Adding source folder /HB/src/main/java
2024-03-13 13:58:19,873 [Worker-0: Creating maven-archetype-quickstart] INFO  o.e.m.j.i.AbstractJavaProjectConfigurator - Adding source folder /HB/src/test/java
2024-03-13 13:58:20,504 [Worker-0: Creating maven-archetype-quickstart] INFO  o.e.m.c.i.p.ProjectConfigurationManager - Imported and configured 1 project(s) in 8 sec
2024-03-13 13:58:20,728 [Worker-17: Updating Maven Project] INFO  o.e.m.c.i.p.ProjectConfigurationManager - Update started
2024-03-13 13:58:21,266 [Worker-17: Updating Maven Project] INFO  o.e.m.c.i.l.LifecycleMappingFactory - Using org.eclipse.m2e.jdt.JarLifecycleMapping lifecycle mapping for MavenProject: HB:HB:0.0.1-SNAPSHOT @ E:\eclipse programs\Hibernate GIT\HB\pom.xml.
2024-03-13 13:58:21,606 [Worker-17: Updating Maven Project] INFO  o.e.m.j.i.AbstractJavaProjectConfigurator - Adding source folder /HB/src/main/java
2024-03-13 13:58:21,607 [Worker-17: Updating Maven Project] INFO  o.e.m.j.i.AbstractJavaProjectConfigurator - Adding source folder /HB/src/test/java
2024-03-13 13:58:22,847 [Worker-17: Updating Maven Project] INFO  o.e.m.c.i.p.ProjectConfigurationManager - Update completed for 1 poms: local refresh takes 0.00 sec, refresh facades takes 0.00 sec, update config takes 0.00 sec 
2024-03-13 13:58:23,524 [Worker-19: Building] INFO  o.e.m.c.i.embedder.EclipseLogger - Using 'UTF-8' encoding to copy filtered resources.
2024-03-13 13:58:23,524 [Worker-19: Building] INFO  o.e.m.c.i.embedder.EclipseLogger - skip non existing resourceDirectory E:\eclipse programs\Hibernate GIT\HB\src\main\resources
2024-03-13 13:58:23,529 [Worker-19: Building] INFO  o.e.m.c.i.embedder.EclipseLogger - Using 'UTF-8' encoding to copy filtered resources.
2024-03-13 13:58:23,530 [Worker-19: Building] INFO  o.e.m.c.i.embedder.EclipseLogger - skip non existing resourceDirectory E:\eclipse programs\Hibernate GIT\HB\src\test\resources
2024-03-13 13:59:31,074 [Worker-0: Building] INFO  o.e.m.c.i.embedder.EclipseLogger - Using 'UTF-8' encoding to copy filtered resources.
2024-03-13 13:59:31,075 [Worker-0: Building] INFO  o.e.m.c.i.embedder.EclipseLogger - skip non existing resourceDirectory E:\eclipse programs\Hibernate GIT\HB\src\main\resources
2024-03-13 13:59:31,080 [Worker-0: Building] INFO  o.e.m.c.i.embedder.EclipseLogger - Using 'UTF-8' encoding to copy filtered resources.
2024-03-13 13:59:31,080 [Worker-0: Building] INFO  o.e.m.c.i.embedder.EclipseLogger - skip non existing resourceDirectory E:\eclipse programs\Hibernate GIT\HB\src\test\resources
2024-03-13 13:59:37,178 [Worker-19: Building] INFO  o.e.m.c.i.embedder.EclipseLogger - Using 'UTF-8' encoding to copy filtered resources.
2024-03-13 13:59:37,179 [Worker-19: Building] INFO  o.e.m.c.i.embedder.EclipseLogger - skip non existing resourceDirectory E:\eclipse programs\Hibernate GIT\HB\src\main\resources
2024-03-13 13:59:37,188 [Worker-19: Building] INFO  o.e.m.c.i.embedder.EclipseLogger - Using 'UTF-8' encoding to copy filtered resources.
2024-03-13 13:59:37,189 [Worker-19: Building] INFO  o.e.m.c.i.embedder.EclipseLogger - skip non existing resourceDirectory E:\eclipse programs\Hibernate GIT\HB\src\test\resources
2024-03-13 14:09:16,587 [Worker-17: Launching mavenrun-e8b671f6-9ba9-4b9e-94bd-9b86fa2c3be7] INFO  o.e.m.i.launch.MavenLaunchDelegate - Run build in "C:\Users\hp\AppData\Local\Temp\m2e-archetypeGenerator4354535128829107624":
2024-03-13 14:09:16,588 [Worker-17: Launching mavenrun-e8b671f6-9ba9-4b9e-94bd-9b86fa2c3be7] INFO  o.e.m.i.launch.MavenLaunchDelegate -  mvn  -DarchetypeGroupId=org.apache.maven.archetypes -DarchetypeArtifactId=maven-archetype-quickstart -DarchetypeVersion=1.4 -DgroupId=HB-basic -DartifactId=HB-basic -Dversion=0.0.1-SNAPSHOT -Dpackage=com.demo -DoutputDirectory="E:\eclipse programs\Hibernate GIT" -B -Dstyle.color=always -U archetype:generate
2024-03-13 14:09:30,652 [Worker-14: Creating maven-archetype-quickstart] INFO  o.e.m.c.i.p.ProjectConfigurationManager - Collecting project info '/pom.xml' E:\eclipse programs\Hibernate GIT\HB-basic\pom.xml
2024-03-13 14:09:31,864 [Worker-14: Creating maven-archetype-quickstart] INFO  o.e.m.c.i.l.LifecycleMappingFactory - Using org.eclipse.m2e.jdt.JarLifecycleMapping lifecycle mapping for MavenProject: HB-basic:HB-basic:0.0.1-SNAPSHOT @ E:\eclipse programs\Hibernate GIT\HB-basic\pom.xml.
2024-03-13 14:09:32,576 [Worker-14: Creating maven-archetype-quickstart] INFO  o.e.m.j.i.AbstractJavaProjectConfigurator - Adding source folder /HB-basic/src/main/java
2024-03-13 14:09:32,579 [Worker-14: Creating maven-archetype-quickstart] INFO  o.e.m.j.i.AbstractJavaProjectConfigurator - Adding source folder /HB-basic/src/test/java
2024-03-13 14:09:32,642 [Worker-14: Creating maven-archetype-quickstart] INFO  o.e.m.c.i.p.ProjectConfigurationManager - Imported and configured 1 project(s) in 1 sec
2024-03-13 14:09:33,069 [Worker-14: Building] INFO  o.e.m.c.i.embedder.EclipseLogger - Using 'UTF-8' encoding to copy filtered resources.
2024-03-13 14:09:33,070 [Worker-14: Building] INFO  o.e.m.c.i.embedder.EclipseLogger - skip non existing resourceDirectory E:\eclipse programs\Hibernate GIT\HB-basic\src\main\resources
2024-03-13 14:09:33,074 [Worker-14: Building] INFO  o.e.m.c.i.embedder.EclipseLogger - Using 'UTF-8' encoding to copy filtered resources.
2024-03-13 14:09:33,074 [Worker-14: Building] INFO  o.e.m.c.i.embedder.EclipseLogger - skip non existing resourceDirectory E:\eclipse programs\Hibernate GIT\HB-basic\src\test\resources
2024-03-13 14:16:36,543 [Worker-26: Building] INFO  o.e.m.c.i.l.LifecycleMappingFactory - Using org.eclipse.m2e.jdt.JarLifecycleMapping lifecycle mapping for MavenProject: HB-basic:HB-basic:0.0.1-SNAPSHOT @ E:\eclipse programs\Hibernate GIT\HB-basic\pom.xml.
2024-03-13 14:16:37,606 [AetherRepositoryConnector-repo.maven.apache.org-0-0] INFO  o.e.m.c.i.e.AbstractTransferListenerAdapter - Downloading https://repo.maven.apache.org/maven2/org/hibernate/hibernate-core/5.3.7.Final/hibernate-core-5.3.7.Final.jar
2024-03-13 14:16:37,729 [AetherRepositoryConnector-repo.maven.apache.org-0-1] INFO  o.e.m.c.i.e.AbstractTransferListenerAdapter - Downloading https://repo.maven.apache.org/maven2/net/bytebuddy/byte-buddy/1.8.17/byte-buddy-1.8.17.jar
2024-03-13 14:16:40,376 [AetherRepositoryConnector-repo.maven.apache.org-0-1] INFO  o.e.m.c.i.e.AbstractTransferListenerAdapter - Downloaded https://repo.maven.apache.org/maven2/net/bytebuddy/byte-buddy/1.8.17/byte-buddy-1.8.17.jar
2024-03-13 14:16:41,235 [AetherRepositoryConnector-repo.maven.apache.org-0-0] INFO  o.e.m.c.i.e.AbstractTransferListenerAdapter - Downloaded https://repo.maven.apache.org/maven2/org/hibernate/hibernate-core/5.3.7.Final/hibernate-core-5.3.7.Final.jar
2024-03-13 14:16:42,900 [Worker-17: Download sources and javadoc] INFO  o.e.m.c.i.e.AbstractTransferListenerAdapter - Downloading https://repo.maven.apache.org/maven2/org/hibernate/hibernate-core/5.3.7.Final/hibernate-core-5.3.7.Final-sources.jar
2024-03-13 14:16:43,398 [Worker-26: Building] INFO  o.e.m.c.i.embedder.EclipseLogger - Using 'UTF-8' encoding to copy filtered resources.
2024-03-13 14:16:43,398 [Worker-26: Building] INFO  o.e.m.c.i.embedder.EclipseLogger - skip non existing resourceDirectory E:\eclipse programs\Hibernate GIT\HB-basic\src\main\resources
2024-03-13 14:16:43,405 [Worker-26: Building] INFO  o.e.m.c.i.embedder.EclipseLogger - Using 'UTF-8' encoding to copy filtered resources.
2024-03-13 14:16:43,405 [Worker-26: Building] INFO  o.e.m.c.i.embedder.EclipseLogger - skip non existing resourceDirectory E:\eclipse programs\Hibernate GIT\HB-basic\src\test\resources
2024-03-13 14:16:44,634 [Worker-17: Download sources and javadoc] INFO  o.e.m.c.i.e.AbstractTransferListenerAdapter - Downloaded https://repo.maven.apache.org/maven2/org/hibernate/hibernate-core/5.3.7.Final/hibernate-core-5.3.7.Final-sources.jar
2024-03-13 14:16:44,639 [Worker-17: Download sources and javadoc] INFO  o.e.m.j.internal.DownloadSourcesJob - Downloaded sources for org.hibernate:hibernate-core:5.3.7.Final
2024-03-13 14:16:44,853 [Worker-17: Download sources and javadoc] INFO  o.e.m.c.i.e.AbstractTransferListenerAdapter - Downloading https://repo.maven.apache.org/maven2/org/javassist/javassist/3.23.1-GA/javassist-3.23.1-GA-sources.jar
2024-03-13 14:16:45,148 [Worker-17: Download sources and javadoc] INFO  o.e.m.c.i.e.AbstractTransferListenerAdapter - Downloaded https://repo.maven.apache.org/maven2/org/javassist/javassist/3.23.1-GA/javassist-3.23.1-GA-sources.jar
2024-03-13 14:16:45,153 [Worker-17: Download sources and javadoc] INFO  o.e.m.j.internal.DownloadSourcesJob - Downloaded sources for org.javassist:javassist:3.23.1-GA
2024-03-13 14:16:45,401 [Worker-17: Download sources and javadoc] INFO  o.e.m.c.i.e.AbstractTransferListenerAdapter - Downloading https://repo.maven.apache.org/maven2/net/bytebuddy/byte-buddy/1.8.17/byte-buddy-1.8.17-sources.jar
2024-03-13 14:16:45,892 [Worker-17: Download sources and javadoc] INFO  o.e.m.c.i.e.AbstractTransferListenerAdapter - Downloaded https://repo.maven.apache.org/maven2/net/bytebuddy/byte-buddy/1.8.17/byte-buddy-1.8.17-sources.jar
2024-03-13 14:16:45,896 [Worker-17: Download sources and javadoc] INFO  o.e.m.j.internal.DownloadSourcesJob - Downloaded sources for net.bytebuddy:byte-buddy:1.8.17
2024-03-13 14:16:46,148 [Worker-17: Download sources and javadoc] INFO  o.e.m.c.i.e.AbstractTransferListenerAdapter - Downloading https://repo.maven.apache.org/maven2/org/jboss/jandex/2.0.5.Final/jandex-2.0.5.Final-sources.jar
2024-03-13 14:16:46,367 [Worker-17: Download sources and javadoc] INFO  o.e.m.c.i.e.AbstractTransferListenerAdapter - Downloaded https://repo.maven.apache.org/maven2/org/jboss/jandex/2.0.5.Final/jandex-2.0.5.Final-sources.jar
2024-03-13 14:16:46,371 [Worker-17: Download sources and javadoc] INFO  o.e.m.j.internal.DownloadSourcesJob - Downloaded sources for org.jboss:jandex:2.0.5.Final
2024-03-13 14:16:47,267 [Worker-26: Building] INFO  o.e.m.c.i.embedder.EclipseLogger - Using 'UTF-8' encoding to copy filtered resources.
2024-03-13 14:16:47,268 [Worker-26: Building] INFO  o.e.m.c.i.embedder.EclipseLogger - skip non existing resourceDirectory E:\eclipse programs\Hibernate GIT\HB-basic\src\main\resources
2024-03-13 14:16:47,272 [Worker-26: Building] INFO  o.e.m.c.i.embedder.EclipseLogger - Using 'UTF-8' encoding to copy filtered resources.
2024-03-13 14:16:47,273 [Worker-26: Building] INFO  o.e.m.c.i.embedder.EclipseLogger - skip non existing resourceDirectory E:\eclipse programs\Hibernate GIT\HB-basic\src\test\resources
2024-03-13 14:16:47,374 [Worker-17: Download sources and javadoc] INFO  o.e.m.c.i.e.AbstractTransferListenerAdapter - Downloading https://repo.maven.apache.org/maven2/com/fasterxml/classmate/1.3.4/classmate-1.3.4-sources.jar
2024-03-13 14:16:47,474 [Worker-17: Download sources and javadoc] INFO  o.e.m.c.i.e.AbstractTransferListenerAdapter - Downloaded https://repo.maven.apache.org/maven2/com/fasterxml/classmate/1.3.4/classmate-1.3.4-sources.jar
2024-03-13 14:16:47,479 [Worker-17: Download sources and javadoc] INFO  o.e.m.j.internal.DownloadSourcesJob - Downloaded sources for com.fasterxml:classmate:1.3.4
2024-03-13 14:16:47,671 [Worker-17: Download sources and javadoc] INFO  o.e.m.c.i.e.AbstractTransferListenerAdapter - Downloading https://repo.maven.apache.org/maven2/org/hibernate/common/hibernate-commons-annotations/5.0.4.Final/hibernate-commons-annotations-5.0.4.Final-sources.jar
2024-03-13 14:16:47,778 [Worker-17: Download sources and javadoc] INFO  o.e.m.c.i.e.AbstractTransferListenerAdapter - Downloaded https://repo.maven.apache.org/maven2/org/hibernate/common/hibernate-commons-annotations/5.0.4.Final/hibernate-commons-annotations-5.0.4.Final-sources.jar
2024-03-13 14:16:47,781 [Worker-17: Download sources and javadoc] INFO  o.e.m.j.internal.DownloadSourcesJob - Downloaded sources for org.hibernate.common:hibernate-commons-annotations:5.0.4.Final
2024-03-13 14:16:48,324 [Worker-26: Building] INFO  o.e.m.c.i.embedder.EclipseLogger - Using 'UTF-8' encoding to copy filtered resources.
2024-03-13 14:16:48,325 [Worker-26: Building] INFO  o.e.m.c.i.embedder.EclipseLogger - skip non existing resourceDirectory E:\eclipse programs\Hibernate GIT\HB-basic\src\main\resources
2024-03-13 14:16:48,330 [Worker-26: Building] INFO  o.e.m.c.i.embedder.EclipseLogger - Using 'UTF-8' encoding to copy filtered resources.
2024-03-13 14:16:48,331 [Worker-26: Building] INFO  o.e.m.c.i.embedder.EclipseLogger - skip non existing resourceDirectory E:\eclipse programs\Hibernate GIT\HB-basic\src\test\resources
2024-03-13 14:22:12,993 [Worker-30: Building] INFO  o.e.m.c.i.l.LifecycleMappingFactory - Using org.eclipse.m2e.jdt.JarLifecycleMapping lifecycle mapping for MavenProject: HB-basic:HB-basic:0.0.1-SNAPSHOT @ E:\eclipse programs\Hibernate GIT\HB-basic\pom.xml.
2024-03-13 14:22:15,255 [Worker-30: Building] INFO  o.e.m.c.i.embedder.EclipseLogger - Using 'UTF-8' encoding to copy filtered resources.
2024-03-13 14:22:15,255 [Worker-30: Building] INFO  o.e.m.c.i.embedder.EclipseLogger - skip non existing resourceDirectory E:\eclipse programs\Hibernate GIT\HB-basic\src\main\resources
2024-03-13 14:22:15,260 [Worker-30: Building] INFO  o.e.m.c.i.embedder.EclipseLogger - Using 'UTF-8' encoding to copy filtered resources.
2024-03-13 14:22:15,260 [Worker-30: Building] INFO  o.e.m.c.i.embedder.EclipseLogger - skip non existing resourceDirectory E:\eclipse programs\Hibernate GIT\HB-basic\src\test\resources
2024-03-13 14:22:17,398 [Worker-27: Building] INFO  o.e.m.c.i.embedder.EclipseLogger - Using 'UTF-8' encoding to copy filtered resources.
2024-03-13 14:22:17,398 [Worker-27: Building] INFO  o.e.m.c.i.embedder.EclipseLogger - skip non existing resourceDirectory E:\eclipse programs\Hibernate GIT\HB-basic\src\main\resources
2024-03-13 14:22:17,401 [Worker-27: Building] INFO  o.e.m.c.i.embedder.EclipseLogger - Using 'UTF-8' encoding to copy filtered resources.
2024-03-13 14:22:17,401 [Worker-27: Building] INFO  o.e.m.c.i.embedder.EclipseLogger - skip non existing resourceDirectory E:\eclipse programs\Hibernate GIT\HB-basic\src\test\resources
2024-03-13 14:23:52,865 [Worker-30: Building] INFO  o.e.m.c.i.embedder.EclipseLogger - Using 'UTF-8' encoding to copy filtered resources.
2024-03-13 14:23:52,865 [Worker-30: Building] INFO  o.e.m.c.i.embedder.EclipseLogger - skip non existing resourceDirectory E:\eclipse programs\Hibernate GIT\HB-basic\src\main\resources
2024-03-13 14:23:52,877 [Worker-30: Building] INFO  o.e.m.c.i.embedder.EclipseLogger - Using 'UTF-8' encoding to copy filtered resources.
2024-03-13 14:23:52,877 [Worker-30: Building] INFO  o.e.m.c.i.embedder.EclipseLogger - skip non existing resourceDirectory E:\eclipse programs\Hibernate GIT\HB-basic\src\test\resources
2024-03-13 14:24:12,536 [Worker-36: Building] INFO  o.e.m.c.i.embedder.EclipseLogger - Using 'UTF-8' encoding to copy filtered resources.
2024-03-13 14:24:12,536 [Worker-36: Building] INFO  o.e.m.c.i.embedder.EclipseLogger - skip non existing resourceDirectory E:\eclipse programs\Hibernate GIT\HB-basic\src\main\resources
2024-03-13 14:24:12,564 [Worker-36: Building] INFO  o.e.m.c.i.embedder.EclipseLogger - Using 'UTF-8' encoding to copy filtered resources.
2024-03-13 14:24:12,564 [Worker-36: Building] INFO  o.e.m.c.i.embedder.EclipseLogger - skip non existing resourceDirectory E:\eclipse programs\Hibernate GIT\HB-basic\src\test\resources
2024-03-13 14:27:20,753 [Worker-38: Building] INFO  o.e.m.c.i.embedder.EclipseLogger - Using 'UTF-8' encoding to copy filtered resources.
2024-03-13 14:27:20,753 [Worker-38: Building] INFO  o.e.m.c.i.embedder.EclipseLogger - skip non existing resourceDirectory E:\eclipse programs\Hibernate GIT\HB-basic\src\main\resources
2024-03-13 14:27:20,757 [Worker-38: Building] INFO  o.e.m.c.i.embedder.EclipseLogger - Using 'UTF-8' encoding to copy filtered resources.
2024-03-13 14:27:20,757 [Worker-38: Building] INFO  o.e.m.c.i.embedder.EclipseLogger - skip non existing resourceDirectory E:\eclipse programs\Hibernate GIT\HB-basic\src\test\resources
2024-03-13 14:38:28,116 [Worker-41: Building] INFO  o.e.m.c.i.embedder.EclipseLogger - Using 'UTF-8' encoding to copy filtered resources.
2024-03-13 14:38:28,116 [Worker-41: Building] INFO  o.e.m.c.i.embedder.EclipseLogger - skip non existing resourceDirectory E:\eclipse programs\Hibernate GIT\HB-basic\src\main\resources
2024-03-13 14:38:28,119 [Worker-41: Building] INFO  o.e.m.c.i.embedder.EclipseLogger - Using 'UTF-8' encoding to copy filtered resources.
2024-03-13 14:38:28,119 [Worker-41: Building] INFO  o.e.m.c.i.embedder.EclipseLogger - skip non existing resourceDirectory E:\eclipse programs\Hibernate GIT\HB-basic\src\test\resources
2024-03-13 14:53:12,583 [Worker-45: Building] INFO  o.e.m.c.i.embedder.EclipseLogger - Using 'UTF-8' encoding to copy filtered resources.
2024-03-13 14:53:12,583 [Worker-45: Building] INFO  o.e.m.c.i.embedder.EclipseLogger - skip non existing resourceDirectory E:\eclipse programs\Hibernate GIT\HB-basic\src\main\resources
2024-03-13 14:53:12,589 [Worker-45: Building] INFO  o.e.m.c.i.embedder.EclipseLogger - Using 'UTF-8' encoding to copy filtered resources.
2024-03-13 14:53:12,589 [Worker-45: Building] INFO  o.e.m.c.i.embedder.EclipseLogger - skip non existing resourceDirectory E:\eclipse programs\Hibernate GIT\HB-basic\src\test\resources
2024-03-13 14:56:20,064 [Worker-44: Building] INFO  o.e.m.c.i.embedder.EclipseLogger - Using 'UTF-8' encoding to copy filtered resources.
2024-03-13 14:56:20,064 [Worker-44: Building] INFO  o.e.m.c.i.embedder.EclipseLogger - skip non existing resourceDirectory E:\eclipse programs\Hibernate GIT\HB-basic\src\main\resources
2024-03-13 14:56:20,066 [Worker-44: Building] INFO  o.e.m.c.i.embedder.EclipseLogger - Using 'UTF-8' encoding to copy filtered resources.
2024-03-13 14:56:20,066 [Worker-44: Building] INFO  o.e.m.c.i.embedder.EclipseLogger - skip non existing resourceDirectory E:\eclipse programs\Hibernate GIT\HB-basic\src\test\resources
2024-03-13 15:02:55,245 [Worker-50: Building] INFO  o.e.m.c.i.embedder.EclipseLogger - Using 'UTF-8' encoding to copy filtered resources.
2024-03-13 15:02:55,245 [Worker-50: Building] INFO  o.e.m.c.i.embedder.EclipseLogger - skip non existing resourceDirectory E:\eclipse programs\Hibernate GIT\HB-basic\src\main\resources
2024-03-13 15:02:55,263 [Worker-50: Building] INFO  o.e.m.c.i.embedder.EclipseLogger - Using 'UTF-8' encoding to copy filtered resources.
2024-03-13 15:02:55,263 [Worker-50: Building] INFO  o.e.m.c.i.embedder.EclipseLogger - skip non existing resourceDirectory E:\eclipse programs\Hibernate GIT\HB-basic\src\test\resources
2024-03-13 15:06:16,711 [Worker-51: Building] INFO  o.e.m.c.i.embedder.EclipseLogger - Using 'UTF-8' encoding to copy filtered resources.
2024-03-13 15:06:16,711 [Worker-51: Building] INFO  o.e.m.c.i.embedder.EclipseLogger - skip non existing resourceDirectory E:\eclipse programs\Hibernate GIT\HB-basic\src\main\resources
2024-03-13 15:06:16,715 [Worker-51: Building] INFO  o.e.m.c.i.embedder.EclipseLogger - Using 'UTF-8' encoding to copy filtered resources.
2024-03-13 15:06:16,715 [Worker-51: Building] INFO  o.e.m.c.i.embedder.EclipseLogger - skip non existing resourceDirectory E:\eclipse programs\Hibernate GIT\HB-basic\src\test\resources
2024-03-13 15:07:13,090 [Worker-55: Building] INFO  o.e.m.c.i.embedder.EclipseLogger - Using 'UTF-8' encoding to copy filtered resources.
2024-03-13 15:07:13,090 [Worker-55: Building] INFO  o.e.m.c.i.embedder.EclipseLogger - skip non existing resourceDirectory E:\eclipse programs\Hibernate GIT\HB-basic\src\main\resources
2024-03-13 15:07:13,093 [Worker-55: Building] INFO  o.e.m.c.i.embedder.EclipseLogger - Using 'UTF-8' encoding to copy filtered resources.
2024-03-13 15:07:13,093 [Worker-55: Building] INFO  o.e.m.c.i.embedder.EclipseLogger - skip non existing resourceDirectory E:\eclipse programs\Hibernate GIT\HB-basic\src\test\resources
2024-03-13 15:13:39,103 [Worker-59: Building] INFO  o.e.m.c.i.embedder.EclipseLogger - Using 'UTF-8' encoding to copy filtered resources.
2024-03-13 15:13:39,103 [Worker-59: Building] INFO  o.e.m.c.i.embedder.EclipseLogger - skip non existing resourceDirectory E:\eclipse programs\Hibernate GIT\HB-basic\src\main\resources
2024-03-13 15:13:39,106 [Worker-59: Building] INFO  o.e.m.c.i.embedder.EclipseLogger - Using 'UTF-8' encoding to copy filtered resources.
2024-03-13 15:13:39,106 [Worker-59: Building] INFO  o.e.m.c.i.embedder.EclipseLogger - skip non existing resourceDirectory E:\eclipse programs\Hibernate GIT\HB-basic\src\test\resources
2024-03-13 15:15:21,544 [Worker-60: Building] INFO  o.e.m.c.i.embedder.EclipseLogger - Using 'UTF-8' encoding to copy filtered resources.
2024-03-13 15:15:21,544 [Worker-60: Building] INFO  o.e.m.c.i.embedder.EclipseLogger - skip non existing resourceDirectory E:\eclipse programs\Hibernate GIT\HB-basic\src\main\resources
2024-03-13 15:15:21,547 [Worker-60: Building] INFO  o.e.m.c.i.embedder.EclipseLogger - Using 'UTF-8' encoding to copy filtered resources.
2024-03-13 15:15:21,548 [Worker-60: Building] INFO  o.e.m.c.i.embedder.EclipseLogger - skip non existing resourceDirectory E:\eclipse programs\Hibernate GIT\HB-basic\src\test\resources
2024-03-13 15:23:32,493 [Worker-63: Building] INFO  o.e.m.c.i.embedder.EclipseLogger - Using 'UTF-8' encoding to copy filtered resources.
2024-03-13 15:23:32,493 [Worker-63: Building] INFO  o.e.m.c.i.embedder.EclipseLogger - skip non existing resourceDirectory E:\eclipse programs\Hibernate GIT\HB-basic\src\main\resources
2024-03-13 15:23:32,496 [Worker-63: Building] INFO  o.e.m.c.i.embedder.EclipseLogger - Using 'UTF-8' encoding to copy filtered resources.
2024-03-13 15:23:32,496 [Worker-63: Building] INFO  o.e.m.c.i.embedder.EclipseLogger - skip non existing resourceDirectory E:\eclipse programs\Hibernate GIT\HB-basic\src\test\resources
2024-03-13 15:28:41,474 [Worker-70: Building] INFO  o.e.m.c.i.embedder.EclipseLogger - Using 'UTF-8' encoding to copy filtered resources.
2024-03-13 15:28:41,474 [Worker-70: Building] INFO  o.e.m.c.i.embedder.EclipseLogger - skip non existing resourceDirectory E:\eclipse programs\Hibernate GIT\HB-basic\src\main\resources
2024-03-13 15:28:41,481 [Worker-70: Building] INFO  o.e.m.c.i.embedder.EclipseLogger - Using 'UTF-8' encoding to copy filtered resources.
2024-03-13 15:28:41,481 [Worker-70: Building] INFO  o.e.m.c.i.embedder.EclipseLogger - skip non existing resourceDirectory E:\eclipse programs\Hibernate GIT\HB-basic\src\test\resources
2024-03-13 15:29:16,013 [Worker-63: Building] INFO  o.e.m.c.i.embedder.EclipseLogger - Using 'UTF-8' encoding to copy filtered resources.
2024-03-13 15:29:16,014 [Worker-63: Building] INFO  o.e.m.c.i.embedder.EclipseLogger - skip non existing resourceDirectory E:\eclipse programs\Hibernate GIT\HB-basic\src\main\resources
2024-03-13 15:29:16,019 [Worker-63: Building] INFO  o.e.m.c.i.embedder.EclipseLogger - Using 'UTF-8' encoding to copy filtered resources.
2024-03-13 15:29:16,019 [Worker-63: Building] INFO  o.e.m.c.i.embedder.EclipseLogger - skip non existing resourceDirectory E:\eclipse programs\Hibernate GIT\HB-basic\src\test\resources
2024-03-13 15:30:29,984 [Worker-72: Building] INFO  o.e.m.c.i.embedder.EclipseLogger - Using 'UTF-8' encoding to copy filtered resources.
2024-03-13 15:30:29,985 [Worker-72: Building] INFO  o.e.m.c.i.embedder.EclipseLogger - skip non existing resourceDirectory E:\eclipse programs\Hibernate GIT\HB-basic\src\main\resources
2024-03-13 15:30:29,988 [Worker-72: Building] INFO  o.e.m.c.i.embedder.EclipseLogger - Using 'UTF-8' encoding to copy filtered resources.
2024-03-13 15:30:29,988 [Worker-72: Building] INFO  o.e.m.c.i.embedder.EclipseLogger - skip non existing resourceDirectory E:\eclipse programs\Hibernate GIT\HB-basic\src\test\resources
2024-03-13 19:36:33,353 [Worker-77: Building] INFO  o.e.m.c.i.embedder.EclipseLogger - Using 'UTF-8' encoding to copy filtered resources.
2024-03-13 19:36:33,355 [Worker-77: Building] INFO  o.e.m.c.i.embedder.EclipseLogger - skip non existing resourceDirectory E:\eclipse programs\Hibernate GIT\HB-basic\src\main\resources
2024-03-13 19:36:33,363 [Worker-77: Building] INFO  o.e.m.c.i.embedder.EclipseLogger - Using 'UTF-8' encoding to copy filtered resources.
2024-03-13 19:36:33,363 [Worker-77: Building] INFO  o.e.m.c.i.embedder.EclipseLogger - skip non existing resourceDirectory E:\eclipse programs\Hibernate GIT\HB-basic\src\test\resources
2024-03-13 19:48:56,102 [Worker-73: Building] INFO  o.e.m.c.i.embedder.EclipseLogger - Using 'UTF-8' encoding to copy filtered resources.
2024-03-13 19:48:56,102 [Worker-73: Building] INFO  o.e.m.c.i.embedder.EclipseLogger - skip non existing resourceDirectory E:\eclipse programs\Hibernate GIT\HB-basic\src\main\resources
2024-03-13 19:48:56,106 [Worker-73: Building] INFO  o.e.m.c.i.embedder.EclipseLogger - Using 'UTF-8' encoding to copy filtered resources.
2024-03-13 19:48:56,107 [Worker-73: Building] INFO  o.e.m.c.i.embedder.EclipseLogger - skip non existing resourceDirectory E:\eclipse programs\Hibernate GIT\HB-basic\src\test\resources
2024-03-13 19:58:42,191 [Worker-73: Building] INFO  o.e.m.c.i.embedder.EclipseLogger - Using 'UTF-8' encoding to copy filtered resources.
2024-03-13 19:58:42,192 [Worker-73: Building] INFO  o.e.m.c.i.embedder.EclipseLogger - skip non existing resourceDirectory E:\eclipse programs\Hibernate GIT\HB-basic\src\main\resources
2024-03-13 19:58:42,195 [Worker-73: Building] INFO  o.e.m.c.i.embedder.EclipseLogger - Using 'UTF-8' encoding to copy filtered resources.
2024-03-13 19:58:42,195 [Worker-73: Building] INFO  o.e.m.c.i.embedder.EclipseLogger - skip non existing resourceDirectory E:\eclipse programs\Hibernate GIT\HB-basic\src\test\resources
2024-03-13 20:29:03,170 [Worker-96: Building] INFO  o.e.m.c.i.embedder.EclipseLogger - Using 'UTF-8' encoding to copy filtered resources.
2024-03-13 20:29:03,170 [Worker-96: Building] INFO  o.e.m.c.i.embedder.EclipseLogger - skip non existing resourceDirectory E:\eclipse programs\Hibernate GIT\HB-basic\src\main\resources
2024-03-13 20:29:03,176 [Worker-96: Building] INFO  o.e.m.c.i.embedder.EclipseLogger - Using 'UTF-8' encoding to copy filtered resources.
2024-03-13 20:29:03,177 [Worker-96: Building] INFO  o.e.m.c.i.embedder.EclipseLogger - skip non existing resourceDirectory E:\eclipse programs\Hibernate GIT\HB-basic\src\test\resources
2024-03-13 20:33:01,328 [Worker-97: Building] INFO  o.e.m.c.i.l.LifecycleMappingFactory - Using org.eclipse.m2e.jdt.JarLifecycleMapping lifecycle mapping for MavenProject: HB-basic:HB-basic:0.0.1-SNAPSHOT @ E:\eclipse programs\Hibernate GIT\HB-basic\pom.xml.
2024-03-13 20:33:05,036 [Worker-97: Building] INFO  o.e.m.c.i.embedder.EclipseLogger - Using 'UTF-8' encoding to copy filtered resources.
2024-03-13 20:33:05,037 [Worker-97: Building] INFO  o.e.m.c.i.embedder.EclipseLogger - skip non existing resourceDirectory E:\eclipse programs\Hibernate GIT\HB-basic\src\main\resources
2024-03-13 20:33:05,039 [Worker-97: Building] INFO  o.e.m.c.i.embedder.EclipseLogger - Using 'UTF-8' encoding to copy filtered resources.
2024-03-13 20:33:05,040 [Worker-97: Building] INFO  o.e.m.c.i.embedder.EclipseLogger - skip non existing resourceDirectory E:\eclipse programs\Hibernate GIT\HB-basic\src\test\resources
2024-03-13 20:43:27,092 [Worker-106: Building] INFO  o.e.m.c.i.embedder.EclipseLogger - Using 'UTF-8' encoding to copy filtered resources.
2024-03-13 20:43:27,092 [Worker-106: Building] INFO  o.e.m.c.i.embedder.EclipseLogger - skip non existing resourceDirectory E:\eclipse programs\Hibernate GIT\HB-basic\src\main\resources
2024-03-13 20:43:27,094 [Worker-106: Building] INFO  o.e.m.c.i.embedder.EclipseLogger - Using 'UTF-8' encoding to copy filtered resources.
2024-03-13 20:43:27,095 [Worker-106: Building] INFO  o.e.m.c.i.embedder.EclipseLogger - skip non existing resourceDirectory E:\eclipse programs\Hibernate GIT\HB-basic\src\test\resources
2024-03-13 20:44:15,010 [Worker-105: Building] INFO  o.e.m.c.i.embedder.EclipseLogger - Using 'UTF-8' encoding to copy filtered resources.
2024-03-13 20:44:15,011 [Worker-105: Building] INFO  o.e.m.c.i.embedder.EclipseLogger - skip non existing resourceDirectory E:\eclipse programs\Hibernate GIT\HB-basic\src\main\resources
2024-03-13 20:44:15,014 [Worker-105: Building] INFO  o.e.m.c.i.embedder.EclipseLogger - Using 'UTF-8' encoding to copy filtered resources.
2024-03-13 20:44:15,014 [Worker-105: Building] INFO  o.e.m.c.i.embedder.EclipseLogger - skip non existing resourceDirectory E:\eclipse programs\Hibernate GIT\HB-basic\src\test\resources
2024-03-13 22:49:04,882 [Worker-108: Updating Maven Project] INFO  o.e.m.c.i.p.ProjectConfigurationManager - Update started
2024-03-13 22:49:06,708 [Worker-108: Updating Maven Project] INFO  o.e.m.c.i.l.LifecycleMappingFactory - Using org.eclipse.m2e.jdt.JarLifecycleMapping lifecycle mapping for MavenProject: HB-basic:HB-basic:0.0.1-SNAPSHOT @ E:\eclipse programs\Hibernate GIT\HB-basic\pom.xml.
2024-03-13 22:49:07,680 [Worker-108: Updating Maven Project] INFO  o.e.m.j.i.AbstractJavaProjectConfigurator - Adding source folder /HB-basic/src/main/java
2024-03-13 22:49:07,681 [Worker-108: Updating Maven Project] INFO  o.e.m.j.i.AbstractJavaProjectConfigurator - Adding source folder /HB-basic/src/test/java
2024-03-13 22:49:08,417 [Worker-108: Updating Maven Project] INFO  o.e.m.c.i.p.ProjectConfigurationManager - Update completed for 1 poms: local refresh takes 0.00 sec, refresh facades takes 2.00 sec, update config takes 0.00 sec 
2024-03-13 22:49:09,019 [Worker-116: Building] INFO  o.e.m.c.i.embedder.EclipseLogger - Using 'UTF-8' encoding to copy filtered resources.
2024-03-13 22:49:09,020 [Worker-116: Building] INFO  o.e.m.c.i.embedder.EclipseLogger - skip non existing resourceDirectory E:\eclipse programs\Hibernate GIT\HB-basic\src\main\resources
2024-03-13 22:49:09,023 [Worker-116: Building] INFO  o.e.m.c.i.embedder.EclipseLogger - Using 'UTF-8' encoding to copy filtered resources.
2024-03-13 22:49:09,024 [Worker-116: Building] INFO  o.e.m.c.i.embedder.EclipseLogger - skip non existing resourceDirectory E:\eclipse programs\Hibernate GIT\HB-basic\src\test\resources
2024-03-13 23:04:06,889 [Worker-1: Loading available Gradle versions] INFO  o.e.b.c.i.u.g.PublishedGradleVersions - Gradle version information cache is up-to-date. Trying to read.
2024-03-13 23:04:12,677 [Worker-2: Building] INFO  o.e.m.c.i.embedder.EclipseLogger - Using 'UTF-8' encoding to copy filtered resources.
2024-03-13 23:04:12,678 [Worker-2: Building] INFO  o.e.m.c.i.embedder.EclipseLogger - skip non existing resourceDirectory E:\eclipse programs\Hibernate GIT\HB-basic\src\main\resources
2024-03-13 23:04:12,687 [Worker-2: Building] INFO  o.e.m.c.i.embedder.EclipseLogger - Using 'UTF-8' encoding to copy filtered resources.
2024-03-13 23:04:12,687 [Worker-2: Building] INFO  o.e.m.c.i.embedder.EclipseLogger - skip non existing resourceDirectory E:\eclipse programs\Hibernate GIT\HB-basic\src\test\resources
2024-03-13 23:10:08,884 [Worker-7: Building] INFO  o.e.m.c.i.embedder.EclipseLogger - Using 'UTF-8' encoding to copy filtered resources.
2024-03-13 23:10:08,907 [Worker-7: Building] INFO  o.e.m.c.i.embedder.EclipseLogger - skip non existing resourceDirectory E:\eclipse programs\Hibernate GIT\HB-basic\src\main\resources
2024-03-13 23:10:08,912 [Worker-7: Building] INFO  o.e.m.c.i.embedder.EclipseLogger - Using 'UTF-8' encoding to copy filtered resources.
2024-03-13 23:10:08,912 [Worker-7: Building] INFO  o.e.m.c.i.embedder.EclipseLogger - skip non existing resourceDirectory E:\eclipse programs\Hibernate GIT\HB-basic\src\test\resources
2024-03-13 23:14:07,731 [Worker-16: Building] INFO  o.e.m.c.i.embedder.EclipseLogger - Using 'UTF-8' encoding to copy filtered resources.
2024-03-13 23:14:07,731 [Worker-16: Building] INFO  o.e.m.c.i.embedder.EclipseLogger - skip non existing resourceDirectory E:\eclipse programs\Hibernate GIT\HB-basic\src\main\resources
2024-03-13 23:14:07,736 [Worker-16: Building] INFO  o.e.m.c.i.embedder.EclipseLogger - Using 'UTF-8' encoding to copy filtered resources.
2024-03-13 23:14:07,737 [Worker-16: Building] INFO  o.e.m.c.i.embedder.EclipseLogger - skip non existing resourceDirectory E:\eclipse programs\Hibernate GIT\HB-basic\src\test\resources
2024-03-13 23:14:41,136 [Worker-7: Building] INFO  o.e.m.c.i.embedder.EclipseLogger - Using 'UTF-8' encoding to copy filtered resources.
2024-03-13 23:14:41,136 [Worker-7: Building] INFO  o.e.m.c.i.embedder.EclipseLogger - skip non existing resourceDirectory E:\eclipse programs\Hibernate GIT\HB-basic\src\main\resources
2024-03-13 23:14:41,141 [Worker-7: Building] INFO  o.e.m.c.i.embedder.EclipseLogger - Using 'UTF-8' encoding to copy filtered resources.
2024-03-13 23:14:41,142 [Worker-7: Building] INFO  o.e.m.c.i.embedder.EclipseLogger - skip non existing resourceDirectory E:\eclipse programs\Hibernate GIT\HB-basic\src\test\resources
2024-03-13 23:27:02,343 [Worker-17: Building] INFO  o.e.m.c.i.embedder.EclipseLogger - Using 'UTF-8' encoding to copy filtered resources.
2024-03-13 23:27:02,343 [Worker-17: Building] INFO  o.e.m.c.i.embedder.EclipseLogger - skip non existing resourceDirectory E:\eclipse programs\Hibernate GIT\HB-basic\src\main\resources
2024-03-13 23:27:02,353 [Worker-17: Building] INFO  o.e.m.c.i.embedder.EclipseLogger - Using 'UTF-8' encoding to copy filtered resources.
2024-03-13 23:27:02,353 [Worker-17: Building] INFO  o.e.m.c.i.embedder.EclipseLogger - skip non existing resourceDirectory E:\eclipse programs\Hibernate GIT\HB-basic\src\test\resources
2024-03-13 23:32:19,580 [Worker-16: Building] INFO  o.e.m.c.i.l.LifecycleMappingFactory - Using org.eclipse.m2e.jdt.JarLifecycleMapping lifecycle mapping for MavenProject: HB-basic:HB-basic:0.0.1-SNAPSHOT @ E:\eclipse programs\Hibernate GIT\HB-basic\pom.xml.
2024-03-13 23:32:20,232 [Worker-16: Building] INFO  o.e.m.c.i.embedder.EclipseLogger - Using 'UTF-8' encoding to copy filtered resources.
2024-03-13 23:32:20,232 [Worker-16: Building] INFO  o.e.m.c.i.embedder.EclipseLogger - skip non existing resourceDirectory E:\eclipse programs\Hibernate GIT\HB-basic\src\main\resources
2024-03-13 23:32:20,240 [Worker-16: Building] INFO  o.e.m.c.i.embedder.EclipseLogger - Using 'UTF-8' encoding to copy filtered resources.
2024-03-13 23:32:20,241 [Worker-16: Building] INFO  o.e.m.c.i.embedder.EclipseLogger - skip non existing resourceDirectory E:\eclipse programs\Hibernate GIT\HB-basic\src\test\resources
2024-03-13 23:34:18,042 [Worker-23: Building] INFO  o.e.m.c.i.l.LifecycleMappingFactory - Using org.eclipse.m2e.jdt.JarLifecycleMapping lifecycle mapping for MavenProject: HB-basic:HB-basic:0.0.1-SNAPSHOT @ E:\eclipse programs\Hibernate GIT\HB-basic\pom.xml.
2024-03-13 23:34:18,781 [Worker-23: Building] INFO  o.e.m.c.i.embedder.EclipseLogger - Using 'UTF-8' encoding to copy filtered resources.
2024-03-13 23:34:18,782 [Worker-23: Building] INFO  o.e.m.c.i.embedder.EclipseLogger - skip non existing resourceDirectory E:\eclipse programs\Hibernate GIT\HB-basic\src\main\resources
2024-03-13 23:34:18,785 [Worker-23: Building] INFO  o.e.m.c.i.embedder.EclipseLogger - Using 'UTF-8' encoding to copy filtered resources.
2024-03-13 23:34:18,786 [Worker-23: Building] INFO  o.e.m.c.i.embedder.EclipseLogger - skip non existing resourceDirectory E:\eclipse programs\Hibernate GIT\HB-basic\src\test\resources
2024-03-13 23:34:20,502 [Worker-23: Building] INFO  o.e.m.c.i.embedder.EclipseLogger - Using 'UTF-8' encoding to copy filtered resources.
2024-03-13 23:34:20,504 [Worker-23: Building] INFO  o.e.m.c.i.embedder.EclipseLogger - skip non existing resourceDirectory E:\eclipse programs\Hibernate GIT\HB-basic\src\main\resources
2024-03-13 23:34:20,515 [Worker-23: Building] INFO  o.e.m.c.i.embedder.EclipseLogger - Using 'UTF-8' encoding to copy filtered resources.
2024-03-13 23:34:20,515 [Worker-23: Building] INFO  o.e.m.c.i.embedder.EclipseLogger - skip non existing resourceDirectory E:\eclipse programs\Hibernate GIT\HB-basic\src\test\resources
2024-03-13 23:34:55,809 [Worker-16: Updating Maven Project] INFO  o.e.m.c.i.p.ProjectConfigurationManager - Update started
2024-03-13 23:34:56,234 [Worker-16: Updating Maven Project] INFO  o.e.m.c.i.l.LifecycleMappingFactory - Using org.eclipse.m2e.jdt.JarLifecycleMapping lifecycle mapping for MavenProject: HB-basic:HB-basic:0.0.1-SNAPSHOT @ E:\eclipse programs\Hibernate GIT\HB-basic\pom.xml.
2024-03-13 23:34:56,705 [Worker-16: Updating Maven Project] INFO  o.e.m.j.i.AbstractJavaProjectConfigurator - Adding source folder /HB-basic/src/main/java
2024-03-13 23:34:56,706 [Worker-16: Updating Maven Project] INFO  o.e.m.j.i.AbstractJavaProjectConfigurator - Adding source folder /HB-basic/src/test/java
2024-03-13 23:34:57,358 [Worker-16: Updating Maven Project] INFO  o.e.m.c.i.p.ProjectConfigurationManager - Update completed for 1 poms: local refresh takes 0.00 sec, refresh facades takes 0.00 sec, update config takes 0.00 sec 
2024-03-13 23:34:57,810 [Worker-26: Building] INFO  o.e.m.c.i.embedder.EclipseLogger - Using 'UTF-8' encoding to copy filtered resources.
2024-03-13 23:34:57,810 [Worker-26: Building] INFO  o.e.m.c.i.embedder.EclipseLogger - skip non existing resourceDirectory E:\eclipse programs\Hibernate GIT\HB-basic\src\main\resources
2024-03-13 23:34:57,814 [Worker-26: Building] INFO  o.e.m.c.i.embedder.EclipseLogger - Using 'UTF-8' encoding to copy filtered resources.
2024-03-13 23:34:57,815 [Worker-26: Building] INFO  o.e.m.c.i.embedder.EclipseLogger - skip non existing resourceDirectory E:\eclipse programs\Hibernate GIT\HB-basic\src\test\resources
2024-03-13 23:36:22,483 [Worker-24: Building] INFO  o.e.m.c.i.embedder.EclipseLogger - Using 'UTF-8' encoding to copy filtered resources.
2024-03-13 23:36:22,483 [Worker-24: Building] INFO  o.e.m.c.i.embedder.EclipseLogger - skip non existing resourceDirectory E:\eclipse programs\Hibernate GIT\HB-basic\src\main\resources
2024-03-13 23:36:22,487 [Worker-24: Building] INFO  o.e.m.c.i.embedder.EclipseLogger - Using 'UTF-8' encoding to copy filtered resources.
2024-03-13 23:36:22,487 [Worker-24: Building] INFO  o.e.m.c.i.embedder.EclipseLogger - skip non existing resourceDirectory E:\eclipse programs\Hibernate GIT\HB-basic\src\test\resources
2024-03-13 23:37:59,550 [Worker-27: Building] INFO  o.e.m.c.i.embedder.EclipseLogger - Using 'UTF-8' encoding to copy filtered resources.
2024-03-13 23:37:59,551 [Worker-27: Building] INFO  o.e.m.c.i.embedder.EclipseLogger - skip non existing resourceDirectory E:\eclipse programs\Hibernate GIT\HB-basic\src\main\resources
2024-03-13 23:37:59,564 [Worker-27: Building] INFO  o.e.m.c.i.embedder.EclipseLogger - Using 'UTF-8' encoding to copy filtered resources.
2024-03-13 23:37:59,564 [Worker-27: Building] INFO  o.e.m.c.i.embedder.EclipseLogger - skip non existing resourceDirectory E:\eclipse programs\Hibernate GIT\HB-basic\src\test\resources
2024-03-13 23:39:06,548 [Worker-27: Building] INFO  o.e.m.c.i.embedder.EclipseLogger - Using 'UTF-8' encoding to copy filtered resources.
2024-03-13 23:39:06,549 [Worker-27: Building] INFO  o.e.m.c.i.embedder.EclipseLogger - skip non existing resourceDirectory E:\eclipse programs\Hibernate GIT\HB-basic\src\main\resources
2024-03-13 23:39:06,551 [Worker-27: Building] INFO  o.e.m.c.i.embedder.EclipseLogger - Using 'UTF-8' encoding to copy filtered resources.
2024-03-13 23:39:06,551 [Worker-27: Building] INFO  o.e.m.c.i.embedder.EclipseLogger - skip non existing resourceDirectory E:\eclipse programs\Hibernate GIT\HB-basic\src\test\resources
